TN:
SF:src\index.ts
FN:24,(anonymous_5)
FN:30,(anonymous_6)
FN:49,(anonymous_7)
FN:55,(anonymous_8)
FN:85,(anonymous_9)
FN:94,(anonymous_10)
FN:139,(anonymous_11)
FN:144,(anonymous_12)
FN:148,(anonymous_13)
FN:152,(anonymous_14)
FN:156,(anonymous_15)
FN:165,(anonymous_16)
FN:169,(anonymous_17)
FN:173,(anonymous_18)
FN:177,(anonymous_19)
FNF:15
FNH:9
FNDA:9,(anonymous_5)
FNDA:9,(anonymous_6)
FNDA:0,(anonymous_7)
FNDA:1,(anonymous_8)
FNDA:1,(anonymous_9)
FNDA:2,(anonymous_10)
FNDA:1,(anonymous_11)
FNDA:6,(anonymous_12)
FNDA:1,(anonymous_13)
FNDA:0,(anonymous_14)
FNDA:3,(anonymous_15)
FNDA:0,(anonymous_16)
FNDA:0,(anonymous_17)
FNDA:0,(anonymous_18)
FNDA:0,(anonymous_19)
DA:1,2
DA:2,2
DA:3,2
DA:4,2
DA:5,2
DA:6,2
DA:14,2
DA:16,2
DA:25,9
DA:26,9
DA:27,9
DA:31,9
DA:32,9
DA:36,9
DA:39,9
DA:40,9
DA:42,9
DA:44,0
DA:45,0
DA:50,0
DA:51,0
DA:56,1
DA:57,0
DA:60,1
DA:61,1
DA:62,1
DA:64,1
DA:65,0
DA:67,1
DA:68,1
DA:70,1
DA:71,1
DA:75,1
DA:82,1
DA:86,1
DA:87,1
DA:89,0
DA:90,0
DA:95,2
DA:96,0
DA:99,2
DA:101,2
DA:104,2
DA:110,2
DA:113,2
DA:114,2
DA:121,0
DA:122,0
DA:131,2
DA:133,0
DA:134,0
DA:140,1
DA:145,6
DA:149,1
DA:153,0
DA:157,3
DA:158,3
DA:160,0
DA:166,0
DA:170,0
DA:174,0
DA:178,0
DA:183,2
DA:184,2
LF:64
LH:45
BRDA:50,0,0,0
BRDA:56,1,0,0
BRDA:64,2,0,0
BRDA:67,3,0,1
BRDA:70,4,0,1
BRDA:95,5,0,0
BRDA:113,6,0,2
BRDA:113,6,1,0
BRDA:121,7,0,0
BRF:9
BRH:3
end_of_record
TN:
SF:src\services\SubscriptionManager.ts
FN:13,(anonymous_1)
FN:20,(anonymous_2)
FN:27,(anonymous_3)
FN:55,(anonymous_4)
FN:71,(anonymous_5)
FN:102,(anonymous_6)
FN:119,(anonymous_7)
FN:123,(anonymous_8)
FNF:8
FNH:7
FNDA:13,(anonymous_1)
FNDA:4,(anonymous_2)
FNDA:2,(anonymous_3)
FNDA:2,(anonymous_4)
FNDA:0,(anonymous_5)
FNDA:1,(anonymous_6)
FNDA:1,(anonymous_7)
FNDA:1,(anonymous_8)
DA:1,2
DA:2,2
DA:4,2
DA:7,2
DA:14,13
DA:15,13
DA:16,13
DA:17,13
DA:21,4
DA:22,4
DA:23,4
DA:24,4
DA:31,2
DA:32,2
DA:33,0
DA:36,2
DA:37,2
DA:49,2
DA:51,2
DA:52,2
DA:57,2
DA:58,2
DA:59,0
DA:62,2
DA:63,2
DA:64,0
DA:68,2
DA:69,2
DA:71,2
DA:72,0
DA:74,0
DA:77,0
DA:78,0
DA:85,0
DA:86,0
DA:87,0
DA:90,0
DA:93,0
DA:95,0
DA:99,2
DA:103,1
DA:104,1
DA:105,0
DA:108,1
DA:109,1
DA:112,1
DA:113,1
DA:114,0
DA:115,0
DA:120,1
DA:124,1
LF:51
LH:35
BRDA:32,0,0,0
BRDA:58,1,0,0
BRDA:63,2,0,0
BRDA:63,3,0,2
BRDA:63,3,1,2
BRDA:85,4,0,0
BRDA:85,4,1,0
BRDA:85,5,0,0
BRDA:85,5,1,0
BRDA:104,6,0,0
BRDA:113,7,0,0
BRF:11
BRH:2
end_of_record
TN:
SF:src\services\TransactionTracker.ts
FN:8,(anonymous_0)
FN:13,(anonymous_1)
FN:61,(anonymous_2)
FNF:3
FNH:3
FNDA:9,(anonymous_0)
FNDA:2,(anonymous_1)
FNDA:1,(anonymous_2)
DA:2,2
DA:4,2
DA:9,9
DA:10,9
DA:14,2
DA:19,2
DA:21,2
DA:22,2
DA:23,2
DA:25,2
DA:27,2
DA:29,2
DA:30,2
DA:31,2
DA:37,2
DA:38,2
DA:41,0
DA:42,0
DA:45,0
DA:46,0
DA:49,0
DA:54,0
DA:55,0
DA:58,0
DA:62,1
DA:63,1
DA:64,0
DA:66,1
LF:28
LH:19
BRDA:25,0,0,2
BRDA:25,0,1,2
BRDA:29,1,0,2
BRDA:29,2,0,2
BRDA:29,2,1,2
BRDA:45,3,0,0
BRDA:52,4,0,0
BRDA:52,4,1,0
BRDA:63,5,0,0
BRF:9
BRH:5
end_of_record
TN:
SF:src\services\WebhookManager.ts
FN:8,(anonymous_1)
FN:12,(anonymous_2)
FN:16,(anonymous_3)
FN:20,(anonymous_4)
FN:24,(anonymous_5)
FNF:5
FNH:4
FNDA:9,(anonymous_1)
FNDA:6,(anonymous_2)
FNDA:0,(anonymous_3)
FNDA:1,(anonymous_4)
FNDA:3,(anonymous_5)
DA:1,2
DA:3,2
DA:5,2
DA:9,9
DA:13,6
DA:17,0
DA:21,1
DA:25,3
DA:26,3
DA:27,0
DA:30,3
DA:31,0
DA:34,3
DA:36,3
DA:37,3
DA:45,0
DA:46,0
LF:17
LH:12
BRDA:26,0,0,0
BRDA:30,1,0,0
BRF:2
BRH:0
end_of_record
TN:
SF:src\utils\index.ts
FN:4,validateAddress
FN:9,calculateNextPaymentDate
FN:34,generateWebhookSignature
FN:40,verifyWebhookSignature
FN:49,sleep
FN:50,(anonymous_5)
FNF:6
FNH:3
FNDA:1,validateAddress
FNDA:2,calculateNextPaymentDate
FNDA:3,generateWebhookSignature
FNDA:0,verifyWebhookSignature
FNDA:0,sleep
FNDA:0,(anonymous_5)
DA:1,2
DA:4,2
DA:6,1
DA:9,2
DA:14,2
DA:15,2
DA:17,0
DA:18,0
DA:20,0
DA:21,0
DA:23,2
DA:24,2
DA:26,0
DA:27,0
DA:29,0
DA:31,2
DA:34,2
DA:35,3
DA:36,3
DA:37,3
DA:40,2
DA:45,0
DA:46,0
DA:49,2
DA:50,0
LF:25
LH:15
BRDA:15,0,0,0
BRDA:15,0,1,0
BRDA:15,0,2,2
BRDA:15,0,3,0
BRDA:15,0,4,0
BRF:5
BRH:1
end_of_record
